0 info it worked if it ends with ok
1 verbose cli [ '/usr/bin/nodejs', '/usr/bin/npm', 'install' ]
2 info using npm@1.3.10
3 info using node@v0.10.25
4 verbose readDependencies using package.json deps
5 verbose install where, deps [ '/net/DataScience_nfs/Users/sarah.constant/slack-invite-automation',
5 verbose install   [ 'body-parser',
5 verbose install     'cookie-parser',
5 verbose install     'debug',
5 verbose install     'express',
5 verbose install     'i18n',
5 verbose install     'jade',
5 verbose install     'morgan',
5 verbose install     'request',
5 verbose install     'serve-favicon' ] ]
6 info preinstall slack-invite-automation@0.1.0
7 verbose readDependencies using package.json deps
8 verbose cache add [ 'body-parser@^1.14.0', null ]
9 verbose cache add name=undefined spec="body-parser@^1.14.0" args=["body-parser@^1.14.0",null]
10 verbose parsed url { protocol: null,
10 verbose parsed url   slashes: null,
10 verbose parsed url   auth: null,
10 verbose parsed url   host: null,
10 verbose parsed url   port: null,
10 verbose parsed url   hostname: null,
10 verbose parsed url   hash: null,
10 verbose parsed url   search: null,
10 verbose parsed url   query: null,
10 verbose parsed url   pathname: 'body-parser@^1.14.0',
10 verbose parsed url   path: 'body-parser@^1.14.0',
10 verbose parsed url   href: 'body-parser@^1.14.0' }
11 verbose cache add name="body-parser" spec="^1.14.0" args=["body-parser","^1.14.0"]
12 verbose parsed url { protocol: null,
12 verbose parsed url   slashes: null,
12 verbose parsed url   auth: null,
12 verbose parsed url   host: null,
12 verbose parsed url   port: null,
12 verbose parsed url   hostname: null,
12 verbose parsed url   hash: null,
12 verbose parsed url   search: null,
12 verbose parsed url   query: null,
12 verbose parsed url   pathname: '^1.14.0',
12 verbose parsed url   path: '^1.14.0',
12 verbose parsed url   href: '^1.14.0' }
13 verbose addNamed [ 'body-parser', '^1.14.0' ]
14 verbose addNamed [ null, '>=1.14.0-0 <2.0.0-0' ]
15 verbose cache add [ 'cookie-parser@^1.4.0', null ]
16 verbose cache add name=undefined spec="cookie-parser@^1.4.0" args=["cookie-parser@^1.4.0",null]
17 verbose parsed url { protocol: null,
17 verbose parsed url   slashes: null,
17 verbose parsed url   auth: null,
17 verbose parsed url   host: null,
17 verbose parsed url   port: null,
17 verbose parsed url   hostname: null,
17 verbose parsed url   hash: null,
17 verbose parsed url   search: null,
17 verbose parsed url   query: null,
17 verbose parsed url   pathname: 'cookie-parser@^1.4.0',
17 verbose parsed url   path: 'cookie-parser@^1.4.0',
17 verbose parsed url   href: 'cookie-parser@^1.4.0' }
18 verbose cache add name="cookie-parser" spec="^1.4.0" args=["cookie-parser","^1.4.0"]
19 verbose parsed url { protocol: null,
19 verbose parsed url   slashes: null,
19 verbose parsed url   auth: null,
19 verbose parsed url   host: null,
19 verbose parsed url   port: null,
19 verbose parsed url   hostname: null,
19 verbose parsed url   hash: null,
19 verbose parsed url   search: null,
19 verbose parsed url   query: null,
19 verbose parsed url   pathname: '^1.4.0',
19 verbose parsed url   path: '^1.4.0',
19 verbose parsed url   href: '^1.4.0' }
20 verbose addNamed [ 'cookie-parser', '^1.4.0' ]
21 verbose addNamed [ null, '>=1.4.0-0 <2.0.0-0' ]
22 verbose cache add [ 'i18n@^0.7.0', null ]
23 verbose cache add name=undefined spec="i18n@^0.7.0" args=["i18n@^0.7.0",null]
24 verbose parsed url { protocol: null,
24 verbose parsed url   slashes: null,
24 verbose parsed url   auth: null,
24 verbose parsed url   host: null,
24 verbose parsed url   port: null,
24 verbose parsed url   hostname: null,
24 verbose parsed url   hash: null,
24 verbose parsed url   search: null,
24 verbose parsed url   query: null,
24 verbose parsed url   pathname: 'i18n@^0.7.0',
24 verbose parsed url   path: 'i18n@^0.7.0',
24 verbose parsed url   href: 'i18n@^0.7.0' }
25 verbose cache add name="i18n" spec="^0.7.0" args=["i18n","^0.7.0"]
26 verbose parsed url { protocol: null,
26 verbose parsed url   slashes: null,
26 verbose parsed url   auth: null,
26 verbose parsed url   host: null,
26 verbose parsed url   port: null,
26 verbose parsed url   hostname: null,
26 verbose parsed url   hash: null,
26 verbose parsed url   search: null,
26 verbose parsed url   query: null,
26 verbose parsed url   pathname: '^0.7.0',
26 verbose parsed url   path: '^0.7.0',
26 verbose parsed url   href: '^0.7.0' }
27 verbose addNamed [ 'i18n', '^0.7.0' ]
28 verbose addNamed [ null, '>=0.7.0-0 <0.8.0-0' ]
29 silly lockFile 1b6d00ee-i18n-0-7-0 i18n@^0.7.0
30 verbose lock i18n@^0.7.0 /home/likewise-open/ZOPA/sarah.constant/.npm/1b6d00ee-i18n-0-7-0.lock
31 verbose cache add [ 'debug@^2.2.0', null ]
32 verbose cache add name=undefined spec="debug@^2.2.0" args=["debug@^2.2.0",null]
33 verbose parsed url { protocol: null,
33 verbose parsed url   slashes: null,
33 verbose parsed url   auth: null,
33 verbose parsed url   host: null,
33 verbose parsed url   port: null,
33 verbose parsed url   hostname: null,
33 verbose parsed url   hash: null,
33 verbose parsed url   search: null,
33 verbose parsed url   query: null,
33 verbose parsed url   pathname: 'debug@^2.2.0',
33 verbose parsed url   path: 'debug@^2.2.0',
33 verbose parsed url   href: 'debug@^2.2.0' }
34 verbose cache add name="debug" spec="^2.2.0" args=["debug","^2.2.0"]
35 verbose parsed url { protocol: null,
35 verbose parsed url   slashes: null,
35 verbose parsed url   auth: null,
35 verbose parsed url   host: null,
35 verbose parsed url   port: null,
35 verbose parsed url   hostname: null,
35 verbose parsed url   hash: null,
35 verbose parsed url   search: null,
35 verbose parsed url   query: null,
35 verbose parsed url   pathname: '^2.2.0',
35 verbose parsed url   path: '^2.2.0',
35 verbose parsed url   href: '^2.2.0' }
36 verbose addNamed [ 'debug', '^2.2.0' ]
37 verbose addNamed [ null, '>=2.2.0-0 <3.0.0-0' ]
38 silly lockFile 862c00aa-debug-2-2-0 debug@^2.2.0
39 verbose lock debug@^2.2.0 /home/likewise-open/ZOPA/sarah.constant/.npm/862c00aa-debug-2-2-0.lock
40 verbose cache add [ 'jade@^1.11.0', null ]
41 verbose cache add name=undefined spec="jade@^1.11.0" args=["jade@^1.11.0",null]
42 verbose parsed url { protocol: null,
42 verbose parsed url   slashes: null,
42 verbose parsed url   auth: null,
42 verbose parsed url   host: null,
42 verbose parsed url   port: null,
42 verbose parsed url   hostname: null,
42 verbose parsed url   hash: null,
42 verbose parsed url   search: null,
42 verbose parsed url   query: null,
42 verbose parsed url   pathname: 'jade@^1.11.0',
42 verbose parsed url   path: 'jade@^1.11.0',
42 verbose parsed url   href: 'jade@^1.11.0' }
43 verbose cache add name="jade" spec="^1.11.0" args=["jade","^1.11.0"]
44 verbose parsed url { protocol: null,
44 verbose parsed url   slashes: null,
44 verbose parsed url   auth: null,
44 verbose parsed url   host: null,
44 verbose parsed url   port: null,
44 verbose parsed url   hostname: null,
44 verbose parsed url   hash: null,
44 verbose parsed url   search: null,
44 verbose parsed url   query: null,
44 verbose parsed url   pathname: '^1.11.0',
44 verbose parsed url   path: '^1.11.0',
44 verbose parsed url   href: '^1.11.0' }
45 verbose addNamed [ 'jade', '^1.11.0' ]
46 verbose addNamed [ null, '>=1.11.0-0 <2.0.0-0' ]
47 silly lockFile 6113fc24-jade-1-11-0 jade@^1.11.0
48 verbose lock jade@^1.11.0 /home/likewise-open/ZOPA/sarah.constant/.npm/6113fc24-jade-1-11-0.lock
49 verbose cache add [ 'express@^4.13.0', null ]
50 verbose cache add name=undefined spec="express@^4.13.0" args=["express@^4.13.0",null]
51 verbose parsed url { protocol: null,
51 verbose parsed url   slashes: null,
51 verbose parsed url   auth: null,
51 verbose parsed url   host: null,
51 verbose parsed url   port: null,
51 verbose parsed url   hostname: null,
51 verbose parsed url   hash: null,
51 verbose parsed url   search: null,
51 verbose parsed url   query: null,
51 verbose parsed url   pathname: 'express@^4.13.0',
51 verbose parsed url   path: 'express@^4.13.0',
51 verbose parsed url   href: 'express@^4.13.0' }
52 verbose cache add name="express" spec="^4.13.0" args=["express","^4.13.0"]
53 verbose parsed url { protocol: null,
53 verbose parsed url   slashes: null,
53 verbose parsed url   auth: null,
53 verbose parsed url   host: null,
53 verbose parsed url   port: null,
53 verbose parsed url   hostname: null,
53 verbose parsed url   hash: null,
53 verbose parsed url   search: null,
53 verbose parsed url   query: null,
53 verbose parsed url   pathname: '^4.13.0',
53 verbose parsed url   path: '^4.13.0',
53 verbose parsed url   href: '^4.13.0' }
54 verbose addNamed [ 'express', '^4.13.0' ]
55 verbose addNamed [ null, '>=4.13.0-0 <5.0.0-0' ]
56 silly lockFile 12b83884-express-4-13-0 express@^4.13.0
57 verbose lock express@^4.13.0 /home/likewise-open/ZOPA/sarah.constant/.npm/12b83884-express-4-13-0.lock
58 verbose cache add [ 'morgan@^1.6.0', null ]
59 verbose cache add name=undefined spec="morgan@^1.6.0" args=["morgan@^1.6.0",null]
60 verbose parsed url { protocol: null,
60 verbose parsed url   slashes: null,
60 verbose parsed url   auth: null,
60 verbose parsed url   host: null,
60 verbose parsed url   port: null,
60 verbose parsed url   hostname: null,
60 verbose parsed url   hash: null,
60 verbose parsed url   search: null,
60 verbose parsed url   query: null,
60 verbose parsed url   pathname: 'morgan@^1.6.0',
60 verbose parsed url   path: 'morgan@^1.6.0',
60 verbose parsed url   href: 'morgan@^1.6.0' }
61 verbose cache add name="morgan" spec="^1.6.0" args=["morgan","^1.6.0"]
62 verbose parsed url { protocol: null,
62 verbose parsed url   slashes: null,
62 verbose parsed url   auth: null,
62 verbose parsed url   host: null,
62 verbose parsed url   port: null,
62 verbose parsed url   hostname: null,
62 verbose parsed url   hash: null,
62 verbose parsed url   search: null,
62 verbose parsed url   query: null,
62 verbose parsed url   pathname: '^1.6.0',
62 verbose parsed url   path: '^1.6.0',
62 verbose parsed url   href: '^1.6.0' }
63 verbose addNamed [ 'morgan', '^1.6.0' ]
64 verbose addNamed [ null, '>=1.6.0-0 <2.0.0-0' ]
65 silly lockFile 6ca180d9-morgan-1-6-0 morgan@^1.6.0
66 verbose lock morgan@^1.6.0 /home/likewise-open/ZOPA/sarah.constant/.npm/6ca180d9-morgan-1-6-0.lock
67 verbose cache add [ 'request@^2.62.0', null ]
68 verbose cache add name=undefined spec="request@^2.62.0" args=["request@^2.62.0",null]
69 verbose parsed url { protocol: null,
69 verbose parsed url   slashes: null,
69 verbose parsed url   auth: null,
69 verbose parsed url   host: null,
69 verbose parsed url   port: null,
69 verbose parsed url   hostname: null,
69 verbose parsed url   hash: null,
69 verbose parsed url   search: null,
69 verbose parsed url   query: null,
69 verbose parsed url   pathname: 'request@^2.62.0',
69 verbose parsed url   path: 'request@^2.62.0',
69 verbose parsed url   href: 'request@^2.62.0' }
70 verbose cache add name="request" spec="^2.62.0" args=["request","^2.62.0"]
71 verbose parsed url { protocol: null,
71 verbose parsed url   slashes: null,
71 verbose parsed url   auth: null,
71 verbose parsed url   host: null,
71 verbose parsed url   port: null,
71 verbose parsed url   hostname: null,
71 verbose parsed url   hash: null,
71 verbose parsed url   search: null,
71 verbose parsed url   query: null,
71 verbose parsed url   pathname: '^2.62.0',
71 verbose parsed url   path: '^2.62.0',
71 verbose parsed url   href: '^2.62.0' }
72 verbose addNamed [ 'request', '^2.62.0' ]
73 verbose addNamed [ null, '>=2.62.0-0 <3.0.0-0' ]
74 silly lockFile cde94e4f-request-2-62-0 request@^2.62.0
75 verbose lock request@^2.62.0 /home/likewise-open/ZOPA/sarah.constant/.npm/cde94e4f-request-2-62-0.lock
76 verbose cache add [ 'serve-favicon@^2.3.0', null ]
77 verbose cache add name=undefined spec="serve-favicon@^2.3.0" args=["serve-favicon@^2.3.0",null]
78 verbose parsed url { protocol: null,
78 verbose parsed url   slashes: null,
78 verbose parsed url   auth: null,
78 verbose parsed url   host: null,
78 verbose parsed url   port: null,
78 verbose parsed url   hostname: null,
78 verbose parsed url   hash: null,
78 verbose parsed url   search: null,
78 verbose parsed url   query: null,
78 verbose parsed url   pathname: 'serve-favicon@^2.3.0',
78 verbose parsed url   path: 'serve-favicon@^2.3.0',
78 verbose parsed url   href: 'serve-favicon@^2.3.0' }
79 verbose cache add name="serve-favicon" spec="^2.3.0" args=["serve-favicon","^2.3.0"]
80 verbose parsed url { protocol: null,
80 verbose parsed url   slashes: null,
80 verbose parsed url   auth: null,
80 verbose parsed url   host: null,
80 verbose parsed url   port: null,
80 verbose parsed url   hostname: null,
80 verbose parsed url   hash: null,
80 verbose parsed url   search: null,
80 verbose parsed url   query: null,
80 verbose parsed url   pathname: '^2.3.0',
80 verbose parsed url   path: '^2.3.0',
80 verbose parsed url   href: '^2.3.0' }
81 verbose addNamed [ 'serve-favicon', '^2.3.0' ]
82 verbose addNamed [ null, '>=2.3.0-0 <3.0.0-0' ]
83 silly lockFile 879fcab1-serve-favicon-2-3-0 serve-favicon@^2.3.0
84 verbose lock serve-favicon@^2.3.0 /home/likewise-open/ZOPA/sarah.constant/.npm/879fcab1-serve-favicon-2-3-0.lock
85 silly lockFile 1b6d00ee-i18n-0-7-0 i18n@^0.7.0
86 error Error: ENOENT, open '/home/likewise-open/ZOPA/sarah.constant/.npm/1b6d00ee-i18n-0-7-0.lock'
87 error If you need help, you may report this log at:
87 error     <http://github.com/isaacs/npm/issues>
87 error or email it to:
87 error     <npm-@googlegroups.com>
88 error System Linux 3.13.0-79-generic
89 error command "/usr/bin/nodejs" "/usr/bin/npm" "install"
90 error cwd /net/DataScience_nfs/Users/sarah.constant/slack-invite-automation
91 error node -v v0.10.25
92 error npm -v 1.3.10
93 error path /home/likewise-open/ZOPA/sarah.constant/.npm/1b6d00ee-i18n-0-7-0.lock
94 error code ENOENT
95 error errno 34
96 verbose exit [ 34, true ]
